  stdafx.cpp
  ViewerDlg.cpp
  Viewer.cpp
  USB2SERIAL_W32.cpp
f:\kiswire\sensors\gui\viewer\viewer\usb2serial_w32.cpp(144): warning C4018: '<': signed/unsigned mismatch
f:\kiswire\sensors\gui\viewer\viewer\usb2serial_w32.cpp(151): warning C4018: '<': signed/unsigned mismatch
f:\kiswire\sensors\gui\viewer\viewer\usb2serial_w32.cpp(169): warning C4477: 'printf' : format string '%s' requires an argument of type 'char *', but variadic argument 2 has type 'CString'
f:\kiswire\sensors\gui\viewer\viewer\usb2serial_w32.cpp(343): warning C4101: 'inx': unreferenced local variable
f:\kiswire\sensors\gui\viewer\viewer\usb2serial_w32.cpp(344): warning C4101: 'suffix': unreferenced local variable
f:\kiswire\sensors\gui\viewer\viewer\usb2serial_w32.cpp(428): warning C4101: 'i': unreferenced local variable
f:\kiswire\sensors\gui\viewer\viewer\usb2serial_w32.cpp(635): warning C4551: function call missing argument list
f:\kiswire\sensors\gui\viewer\viewer\usb2serial_w32.cpp(645): warning C4551: function call missing argument list
f:\kiswire\sensors\gui\viewer\viewer\usb2serial_w32.cpp(661): warning C4551: function call missing argument list
f:\kiswire\sensors\gui\viewer\viewer\usb2serial_w32.cpp(675): warning C4551: function call missing argument list
f:\kiswire\sensors\gui\viewer\viewer\usb2serial_w32.cpp(681): warning C4551: function call missing argument list
f:\kiswire\sensors\gui\viewer\viewer\usb2serial_w32.cpp(707): warning C4551: function call missing argument list
f:\kiswire\sensors\gui\viewer\viewer\usb2serial_w32.cpp(713): warning C4551: function call missing argument list
f:\kiswire\sensors\gui\viewer\viewer\usb2serial_w32.cpp(726): warning C4551: function call missing argument list
f:\kiswire\sensors\gui\viewer\viewer\usb2serial_w32.cpp(920): warning C4101: 'ix': unreferenced local variable
  Generating Code...
  Viewer.vcxproj -> F:\KisWire\sensors\GUI\Viewer\Debug\Viewer.exe
  Viewer.vcxproj -> F:\KisWire\sensors\GUI\Viewer\Debug\Viewer.pdb (Partial PDB)
